<?xml version="1.0" encoding="UTF-8"?>
<!-- Generated by org.testng.reporters.JUnitXMLReporter -->
<testsuite hostname="LAPTOP-A6EPA854" name="Default test" tests="3" failures="0" timestamp="16 May 2021 13:54:36 GMT" time="18.336" errors="0">
  <testcase name="OperatorsHeadingTest" time="0.095" classname="com.offline.TestCases.OperatorTest"/>
  <testcase name="Operators_ListTest" time="0.056" classname="com.offline.TestCases.OperatorTest"/>
  <testcase name="ReadOperatorListTableTest" time="0.669" classname="com.offline.TestCases.OperatorTest"/>
</testsuite> <!-- Default test -->
