<?xml version="1.0" encoding="UTF-8"?>
<testng-results skipped="0" failed="0" total="3" passed="3">
  <reporter-output>
  </reporter-output>
  <suite name="Default suite" duration-ms="18336" started-at="2021-05-16T13:54:18Z" finished-at="2021-05-16T13:54:36Z">
    <groups>
      <group name="smoke">
        <method signature="OperatorTest.OperatorsHeadingTest()[pri:0, instance:com.offline.TestCases.OperatorTest@685cb137]" name="OperatorsHeadingTest" class="com.offline.TestCases.OperatorTest"/>
      </group> <!-- smoke -->
      <group name="sanity">
        <method signature="OperatorTest.OperatorsHeadingTest()[pri:0, instance:com.offline.TestCases.OperatorTest@685cb137]" name="OperatorsHeadingTest" class="com.offline.TestCases.OperatorTest"/>
        <method signature="OperatorTest.Operators_ListTest()[pri:0, instance:com.offline.TestCases.OperatorTest@685cb137]" name="Operators_ListTest" class="com.offline.TestCases.OperatorTest"/>
        <method signature="OperatorTest.ReadOperatorListTableTest()[pri:0, instance:com.offline.TestCases.OperatorTest@685cb137]" name="ReadOperatorListTableTest" class="com.offline.TestCases.OperatorTest"/>
      </group> <!-- sanity -->
    </groups>
    <test name="Default test" duration-ms="18336" started-at="2021-05-16T13:54:18Z" finished-at="2021-05-16T13:54:36Z">
      <class name="com.offline.TestCases.OperatorTest">
        <test-method status="PASS" signature="Setup()[pri:0, instance:com.offline.TestCases.OperatorTest@685cb137]" name="Setup" is-config="true" duration-ms="5706" started-at="2021-05-16T19:24:18Z" finished-at="2021-05-16T19:24:23Z">
          <reporter-output>
          </reporter-output>
        </test-method> <!-- Setup -->
        <test-method status="PASS" signature="OperatorsHeadingTest()[pri:0, instance:com.offline.TestCases.OperatorTest@685cb137]" name="OperatorsHeadingTest" duration-ms="95" started-at="2021-05-16T19:24:23Z" finished-at="2021-05-16T19:24:24Z">
          <reporter-output>
          </reporter-output>
        </test-method> <!-- OperatorsHeadingTest -->
        <test-method status="PASS" signature="TearDown()[pri:0, instance:com.offline.TestCases.OperatorTest@685cb137]" name="TearDown" is-config="true" duration-ms="771" started-at="2021-05-16T19:24:24Z" finished-at="2021-05-16T19:24:24Z">
          <reporter-output>
          </reporter-output>
        </test-method> <!-- TearDown -->
        <test-method status="PASS" signature="Setup()[pri:0, instance:com.offline.TestCases.OperatorTest@685cb137]" name="Setup" is-config="true" duration-ms="3536" started-at="2021-05-16T19:24:24Z" finished-at="2021-05-16T19:24:28Z">
          <reporter-output>
          </reporter-output>
        </test-method> <!-- Setup -->
        <test-method status="PASS" signature="Operators_ListTest()[pri:0, instance:com.offline.TestCases.OperatorTest@685cb137]" name="Operators_ListTest" duration-ms="56" started-at="2021-05-16T19:24:28Z" finished-at="2021-05-16T19:24:28Z">
          <reporter-output>
          </reporter-output>
        </test-method> <!-- Operators_ListTest -->
        <test-method status="PASS" signature="TearDown()[pri:0, instance:com.offline.TestCases.OperatorTest@685cb137]" name="TearDown" is-config="true" duration-ms="733" started-at="2021-05-16T19:24:28Z" finished-at="2021-05-16T19:24:29Z">
          <reporter-output>
          </reporter-output>
        </test-method> <!-- TearDown -->
        <test-method status="PASS" signature="Setup()[pri:0, instance:com.offline.TestCases.OperatorTest@685cb137]" name="Setup" is-config="true" duration-ms="4072" started-at="2021-05-16T19:24:29Z" finished-at="2021-05-16T19:24:33Z">
          <reporter-output>
          </reporter-output>
        </test-method> <!-- Setup -->
        <test-method status="PASS" signature="ReadOperatorListTableTest()[pri:0, instance:com.offline.TestCases.OperatorTest@685cb137]" name="ReadOperatorListTableTest" duration-ms="669" started-at="2021-05-16T19:24:33Z" finished-at="2021-05-16T19:24:33Z">
          <reporter-output>
          </reporter-output>
        </test-method> <!-- ReadOperatorListTableTest -->
        <test-method status="PASS" signature="TearDown()[pri:0, instance:com.offline.TestCases.OperatorTest@685cb137]" name="TearDown" is-config="true" duration-ms="2662" started-at="2021-05-16T19:24:33Z" finished-at="2021-05-16T19:24:36Z">
          <reporter-output>
          </reporter-output>
        </test-method> <!-- TearDown -->
      </class> <!-- com.offline.TestCases.OperatorTest -->
    </test> <!-- Default test -->
  </suite> <!-- Default suite -->
</testng-results>
